Using pre-set license

 COMMAND LINE ARGUMENTS:
/Applications/Unity/Hub/Editor/2021.2.0a6/Unity.app/Contents/MacOS/Unity
-adb2
-batchMode
-noUpm
-name
AssetImportWorker0
-projectPath
/Users/mtakagi/Desktop/Projects/code/CryptoBurst
-logFile
Logs/AssetImportWorker0.log
-srvPort
64143
Successfully changed project path to: /Users/mtakagi/Desktop/Projects/code/CryptoBurst
/Users/mtakagi/Desktop/Projects/code/CryptoBurst
Using Asset Import Pipeline V2.
Refreshing native plugins compatible for Editor in 68.79 ms, found 1 plugins.
Preloading 0 native plugins for Editor in 0.00 ms.
Initialize engine version: 2021.2.0a6 (dc497bf8326a)
[Subsystems] Discovering subsystems at path /Applications/Unity/Hub/Editor/2021.2.0a6/Unity.app/Contents/Resources/UnitySubsystems
[Subsystems] Discovering subsystems at path /Users/mtakagi/Desktop/Projects/code/CryptoBurst/Assets
GfxDevice: creating device client; threaded=0; jobified=0
Color LCD preferred device: Intel(R) UHD Graphics 617 (low power)
Metal devices available: 1
0: Intel(R) UHD Graphics 617 (low power)
Using device Intel(R) UHD Graphics 617 (low power)
Initializing Metal device caps: Intel(R) UHD Graphics 617
Initialize mono
Mono path[0] = '/Applications/Unity/Hub/Editor/2021.2.0a6/Unity.app/Contents/Managed'
Mono path[1] = '/Applications/Unity/Hub/Editor/2021.2.0a6/Unity.app/Contents/MonoBleedingEdge/lib/mono/unityjit'
Mono config path = '/Applications/Unity/Hub/Editor/2021.2.0a6/Unity.app/Contents/MonoBleedingEdge/etc'
Using monoOptions --debugger-agent=transport=dt_socket,embedding=1,server=y,suspend=n,address=127.0.0.1:56271
Begin MonoManager ReloadAssembly
Registering precompiled unity dll's ...
Register platform support module: /Applications/Unity/Hub/Editor/2021.2.0a6/Unity.app/Contents/PlaybackEngines/MacStandaloneSupport/UnityEditor.OSXStandalone.Extensions.dll
Registered in 0.000833 seconds.
Native extension for OSXStandalone target not found
Refreshing native plugins compatible for Editor in 55.61 ms, found 1 plugins.
Preloading 0 native plugins for Editor in 0.00 ms.
Mono: successfully reloaded assembly
- Completed reload, in  3.747 seconds
Platform modules already initialized, skipping
Registering precompiled user dll's ...
Registered in 0.003924 seconds.
Begin MonoManager ReloadAssembly
Native extension for OSXStandalone target not found
Refreshing native plugins compatible for Editor in 0.54 ms, found 1 plugins.
Preloading 0 native plugins for Editor in 0.00 ms.
UnityIAP: [InitializeOnLoad] Facebook Check
UnityIAP: Runtime [2021.2.0a6]
UnityIAP: Current Build is Standalone:StandaloneOSX
UnityIAP: stub FacebookStore.dll disabled
Package Manager log level set to [2]
Mono: successfully reloaded assembly
- Completed reload, in  3.863 seconds
Platform modules already initialized, skipping
========================================================================
Worker process is ready to serve import requests
Launching external process: /Applications/Unity/Hub/Editor/2021.2.0a6/Unity.app/Contents/Tools/UnityShaderCompiler
Launched and connected shader compiler UnityShaderCompiler after 0.04 seconds
Refreshing native plugins compatible for Editor in 0.82 ms, found 1 plugins.
Preloading 0 native plugins for Editor in 0.00 ms.
Unloading 1920 Unused Serialized files (Serialized files now loaded: 0)
System memory in use before: 173.1 MB.
System memory in use after: 173.2 MB.

Unloading 50 unused Assets to reduce memory usage. Loaded Objects now: 2352.
Total: 16.803562 ms (FindLiveObjects: 0.371975 ms CreateObjectMapping: 0.137342 ms MarkObjects: 16.120181 ms  DeleteObjects: 0.171941 ms)

========================================================================
Received Import Request.
  path: Assets/Tests/ChaCha20BurstTest.cs
  artifactKey: Guid(dc1c9e5682d334e6dba65259b6711b24) Importer(815301076,1909f56bfc062723c751e8b465ee728b)
Start importing Assets/Tests/ChaCha20BurstTest.cs using Guid(dc1c9e5682d334e6dba65259b6711b24) Importer(815301076,1909f56bfc062723c751e8b465ee728b)  -> (artifact id: '56b84f47d772a84a7ba284b3871e3b1f') in 0.794325 seconds 
========================================================================
Received Prepare
Registering precompiled user dll's ...
Registered in 0.014731 seconds.
Begin MonoManager ReloadAssembly
Native extension for OSXStandalone target not found
Refreshing native plugins compatible for Editor in 0.61 ms, found 1 plugins.
Preloading 0 native plugins for Editor in 0.00 ms.
UnityIAP: [InitializeOnLoad] Facebook Check
UnityIAP: Runtime [2021.2.0a6]
UnityIAP: Current Build is Standalone:StandaloneOSX
UnityIAP: stub FacebookStore.dll disabled
Mono: successfully reloaded assembly
- Completed reload, in  2.034 seconds
Platform modules already initialized, skipping
Refreshing native plugins compatible for Editor in 0.66 ms, found 1 plugins.
Preloading 0 native plugins for Editor in 0.00 ms.
Unloading 1915 Unused Serialized files (Serialized files now loaded: 0)
System memory in use before: 177.0 MB.
System memory in use after: 177.2 MB.

Unloading 41 unused Assets to reduce memory usage. Loaded Objects now: 2355.
Total: 8.688775 ms (FindLiveObjects: 0.200202 ms CreateObjectMapping: 0.097422 ms MarkObjects: 8.361065 ms  DeleteObjects: 0.028792 ms)

========================================================================
Received Import Request.
  Time since last request: 61.401830 seconds.
  path: Assets/Tests/Tests.asmdef
  artifactKey: Guid(1028d73e5f0fb410cac7832b2d086fb3) Importer(815301076,1909f56bfc062723c751e8b465ee728b)
Start importing Assets/Tests/Tests.asmdef using Guid(1028d73e5f0fb410cac7832b2d086fb3) Importer(815301076,1909f56bfc062723c751e8b465ee728b)  -> (artifact id: '61846f670429898e56c997cd3e70fc42') in 2.004694 seconds 
========================================================================
Received Import Request.
  Time since last request: 4.833619 seconds.
  path: Assets/Resources/BillingMode.json
  artifactKey: Guid(b4b04a472ded946819c626bbaf8e149e) Importer(815301076,1909f56bfc062723c751e8b465ee728b)
Start importing Assets/Resources/BillingMode.json using Guid(b4b04a472ded946819c626bbaf8e149e) Importer(815301076,1909f56bfc062723c751e8b465ee728b)  -> (artifact id: '4be4851d56a86c5d02d14e86cf8c90ab') in 2.619851 seconds 
========================================================================
Received Import Request.
  Time since last request: 5.126407 seconds.
  path: Assets/Scenes/SampleScene.unity
  artifactKey: Guid(03d5fb0f867e246f696564f0ecff3e0f) Importer(815301076,1909f56bfc062723c751e8b465ee728b)
Start importing Assets/Scenes/SampleScene.unity using Guid(03d5fb0f867e246f696564f0ecff3e0f) Importer(815301076,1909f56bfc062723c751e8b465ee728b)  -> (artifact id: '8a4653dbc57600579e40d5829ce40f93') in 0.003679 seconds 
